#
# A fatal error has been detected by the Java Runtime Environment:
#
#  SIGSEGV (0xb) at pc=0x0000000101c77911, pid=17156, tid=22019
#
# JRE version: Java(TM) SE Runtime Environment 18.9 (11.0.9+7) (build 11.0.9+7-LTS)
# Java VM: Java HotSpot(TM) 64-Bit Server VM 18.9 (11.0.9+7-LTS, mixed mode, tiered, compressed oops, g1 gc, bsd-amd64)
# Problematic frame:
# V  [libjvm.dylib+0x277911]  _ZN20ClassHierarchyWalker10is_witnessEP5Klass+0x21
#
# No core dump will be written. Core dumps have been disabled. To enable core dumping, try "ulimit -c unlimited" before starting Java again
#
# If you would like to submit a bug report, please visit:
#   https://bugreport.java.com/bugreport/crash.jsp
#

---------------  S U M M A R Y ------------

Command Line: -XX:TieredStopAtLevel=1 -Xverify:none -Dspring.output.ansi.enabled=always -Dcom.sun.management.jmxremote -Dspring.jmx.enabled=true -Dspring.liveBeansView.mbeanDomain -Dspring.application.admin.enabled=true -javaagent:/Applications/IntelliJ IDEA.app/Contents/lib/idea_rt.jar=65502:/Applications/IntelliJ IDEA.app/Contents/bin -Dfile.encoding=UTF-8 com.spring.boot.App2.springbootprojectwithdatarest.SpringBootProjectWithDataRestApplication

Host: MacBookPro8,1 x86_64 2400 MHz, 4 cores, 8G, Darwin 17.7.0
Time: Tue Dec 15 17:14:31 2020 WAT elapsed time: 4.067138 seconds (0d 0h 0m 4s)

---------------  T H R E A D  ---------------

Current thread (0x00007fa4da85d800):  JavaThread "C1 CompilerThread0" daemon [_thread_in_vm, id=22019, stack(0x000070000820a000,0x000070000830a000)]


Current CompileTask:
C1:   4067 3136   !   1       java.lang.ref.Finalizer::runFinalizer (117 bytes)

Stack: [0x000070000820a000,0x000070000830a000],  sp=0x0000700008308a90,  free space=1018k
Native frames: (J=compiled Java code, A=aot compiled Java code, j=interpreted, Vv=VM code, C=native code)
V  [libjvm.dylib+0x277911]  _ZN20ClassHierarchyWalker10is_witnessEP5Klass+0x21
V  [libjvm.dylib+0x277c28]  _ZN20ClassHierarchyWalker21find_witness_anywhereEP5Klassbb+0x1f0
V  [libjvm.dylib+0x278104]  _ZN12Dependencies27find_unique_concrete_methodEP5KlassP6Method+0x6a
V  [libjvm.dylib+0x1c4f9c]  _ZN8ciMethod23find_monomorphic_targetEP15ciInstanceKlassS1_S1_b+0x134
V  [libjvm.dylib+0x14b6e2]  _ZN12GraphBuilder6invokeEN9Bytecodes4CodeE+0xd5a
V  [libjvm.dylib+0x14d245]  _ZN12GraphBuilder27iterate_bytecodes_for_blockEi+0x21b
V  [libjvm.dylib+0x14edd6]  _ZN12GraphBuilder18iterate_all_blocksEb+0x2e
V  [libjvm.dylib+0x15123a]  _ZN12GraphBuilder15try_inline_fullEP8ciMethodbbN9Bytecodes4CodeEP11Instruction+0xa7a
V  [libjvm.dylib+0x14b90e]  _ZN12GraphBuilder10try_inlineEP8ciMethodbbN9Bytecodes4CodeEP11Instruction+0x126
V  [libjvm.dylib+0x14b20e]  _ZN12GraphBuilder6invokeEN9Bytecodes4CodeE+0x886
V  [libjvm.dylib+0x14d245]  _ZN12GraphBuilder27iterate_bytecodes_for_blockEi+0x21b
V  [libjvm.dylib+0x14ee11]  _ZN12GraphBuilder18iterate_all_blocksEb+0x69
V  [libjvm.dylib+0x14fd2d]  _ZN12GraphBuilderC2EP11CompilationP7IRScope+0x315
V  [libjvm.dylib+0x155e3c]  _ZN7IRScopeC2EP11CompilationPS_iP8ciMethodib+0x10e
V  [libjvm.dylib+0x156254]  _ZN2IRC2EP11CompilationP8ciMethodi+0x78
V  [libjvm.dylib+0x13fb7b]  _ZN11Compilation9build_hirEv+0xaf
V  [libjvm.dylib+0x1403d7]  _ZN11Compilation19compile_java_methodEv+0x5b
V  [libjvm.dylib+0x140615]  _ZN11Compilation14compile_methodEv+0x71
V  [libjvm.dylib+0x140870]  _ZN11CompilationC2EP16AbstractCompilerP5ciEnvP8ciMethodiP10BufferBlobP12DirectiveSet+0x180
V  [libjvm.dylib+0x141b4d]  _ZN8Compiler14compile_methodEP5ciEnvP8ciMethodiP12DirectiveSet+0x61
V  [libjvm.dylib+0x22c543]  _ZN13CompileBroker25invoke_compiler_on_methodEP11CompileTask+0x50b
V  [libjvm.dylib+0x22beb9]  _ZN13CompileBroker20compiler_thread_loopEv+0x1ab
V  [libjvm.dylib+0x741854]  _ZN10JavaThread17thread_main_innerEv+0x82
V  [libjvm.dylib+0x74169e]  _ZN10JavaThread3runEv+0x174
V  [libjvm.dylib+0x73f4d8]  _ZN6Thread8call_runEv+0x68
V  [libjvm.dylib+0x643777]  _ZL19thread_native_entryP6Thread+0x139
C  [libsystem_pthread.dylib+0x3661]  _pthread_body+0x154
C  [libsystem_pthread.dylib+0x350d]  _pthread_body+0x0
C  [libsystem_pthread.dylib+0x2bf9]  thread_start+0xd


siginfo: si_signo: 11 (SIGSEGV), si_code: 0 (unknown), si_addr: 0x0000000000000000

Register to memory mapping:

RAX=0x0 is NULL
RBX=0x00008008002bdb28 is an unknown value
RCX=0x00000000ffffffff is an unknown value
RDX=0x00000001011a3b30 points into unknown readable memory: 0a 00 ff ff 98 01 69 6e
RSP=0x0000700008308a90 is pointing into the stack for thread: 0x00007fa4da85d800
RBP=0x0000700008308b10 is pointing into the stack for thread: 0x00007fa4da85d800
RSI=0x000000010119c958 points into unknown readable memory: 08 00 ff ff 56 70 66 69
RDI=0x0000700008308e88 is pointing into the stack for thread: 0x00007fa4da85d800
R8 =0x00000000ffffffff is an unknown value
R9 =0x0 is NULL
R10=0x00000001221b9ca0 is pointing into metadata
R11=0x00007fa3ba90e660 is an unknown value
R12=0x0000700008308ea0 is pointing into the stack for thread: 0x00007fa4da85d800
R13=0x000000000000005d is an unknown value
R14=0x0000700008308e88 is pointing into the stack for thread: 0x00007fa4da85d800
R15=0x0000700008308e88 is pointing into the stack for thread: 0x00007fa4da85d800


Registers:
RAX=0x0000000000000000, RBX=0x00008008002bdb28, RCX=0x00000000ffffffff, RDX=0x00000001011a3b30
RSP=0x0000700008308a90, RBP=0x0000700008308b10, RSI=0x000000010119c958, RDI=0x0000700008308e88
R8 =0x00000000ffffffff, R9 =0x0000000000000000, R10=0x00000001221b9ca0, R11=0x00007fa3ba90e660
R12=0x0000700008308ea0, R13=0x000000000000005d, R14=0x0000700008308e88, R15=0x0000700008308e88
RIP=0x0000000101c77911, EFLAGS=0x0000000000010202, ERR=0x0000000000000000
  TRAPNO=0x000000000000000d

Top of Stack: (sp=0x0000700008308a90)
0x0000700008308a90:   0000700008308e80 0000700008308c50
0x0000700008308aa0:   0000700008308ac0 0000000101d6292c
0x0000700008308ab0:   0000700008308c50 0000000120e32e80
0x0000700008308ac0:   0000700008308c10 0000000101f3a3cf
0x0000700008308ad0:   0000000000000001 000000010119e988
0x0000700008308ae0:   00000008003e7528 0000000800001000
0x0000700008308af0:   00008008002bdb28 0000700008308ea0
0x0000700008308b00:   0000000000000000 0000700008308e88
0x0000700008308b10:   0000700008308e70 0000000101c77c28
0x0000700008308b20:   00000008003e68f8 00000008003e02e8
0x0000700008308b30:   00000008003dca30 00000008003dbd50
0x0000700008308b40:   00000008003d9770 00000008003d5848
0x0000700008308b50:   00000008003d1578 00000008003cd890
0x0000700008308b60:   00000008003ccdc8 00000008003cb818
0x0000700008308b70:   00000008003c9ee8 00000008003bdb38
0x0000700008308b80:   00000008003bd270 00000008003bc750
0x0000700008308b90:   00000008003b4b78 00000008003b1740
0x0000700008308ba0:   00000008003af750 00000008003ae5f8
0x0000700008308bb0:   00000008003ad1b8 00000008003acf80
0x0000700008308bc0:   00000008003a6040 00000008003a9230
0x0000700008308bd0:   000000080039bde8 0000000800399b40
0x0000700008308be0:   0000000800398c58 0000000800398040
0x0000700008308bf0:   0000000800396660 00000008003945c0
0x0000700008308c00:   0000000800390da8 000000080038f390
0x0000700008308c10:   000000080038ea98 000000080038e118
0x0000700008308c20:   000000080038d1a8 000000080038b558
0x0000700008308c30:   000000080038ac98 00000008003be240
0x0000700008308c40:   00000008003841b8 0000000800383ca8
0x0000700008308c50:   00000008003831b0 0000000800382b80
0x0000700008308c60:   0000000800377308 0000000800381fc8
0x0000700008308c70:   0000000800382460 000000080036d758
0x0000700008308c80:   000000080036b920 0000000800361ff8 

Instructions: (pc=0x0000000101c77911)
0x0000000101c778f1:   48 89 e5 41 57 41 56 41 54 53 48 83 ec 60 48 89
0x0000000101c77901:   f3 49 89 fe 49 8b 36 48 85 f6 0f 84 eb 00 00 00
0x0000000101c77911:   83 7b 08 00 0f 8e dd 00 00 00 49 8b 56 08 b9 01
0x0000000101c77921:   00 00 00 48 89 df e8 1e ee 10 00 49 89 c7 4d 85 

Stack slot to memory mapping:
stack at sp + 0 slots: 0x0000700008308e80 is pointing into the stack for thread: 0x00007fa4da85d800
stack at sp + 1 slots: 0x0000700008308c50 is pointing into the stack for thread: 0x00007fa4da85d800
stack at sp + 2 slots: 0x0000700008308ac0 is pointing into the stack for thread: 0x00007fa4da85d800
stack at sp + 3 slots: 0x0000000101d6292c: _ZN12methodHandleC2ERKS_+0x42 in /Library/Java/JavaVirtualMachines/jdk-11.0.9.jdk/Contents/Home/lib/server/libjvm.dylib at 0x0000000101a00000
stack at sp + 4 slots: 0x0000700008308c50 is pointing into the stack for thread: 0x00007fa4da85d800
stack at sp + 5 slots: {method} {0x0000000120e32e80} 'finalize' '()V' in 'java/lang/Object'
stack at sp + 6 slots: 0x0000700008308c10 is pointing into the stack for thread: 0x00007fa4da85d800
stack at sp + 7 slots: 0x0000000101f3a3cf: _ZN12LinkResolver14resolve_methodERK8LinkInfoN9Bytecodes4CodeEP6Thread+0x3a7 in /Library/Java/JavaVirtualMachines/jdk-11.0.9.jdk/Contents/Home/lib/server/libjvm.dylib at 0x0000000101a00000


---------------  P R O C E S S  ---------------

Threads class SMR info:
_java_thread_list=0x00007fa4dcb06250, length=16, elements={
0x00007fa4db006800, 0x00007fa4db810800, 0x00007fa4db814800, 0x00007fa4dc091800,
0x00007fa4da85d800, 0x00007fa4db012000, 0x00007fa4da800800, 0x00007fa4da8e9000,
0x00007fa4db877000, 0x00007fa4db23a000, 0x00007fa4db27c000, 0x00007fa4dc1f3800,
0x00007fa4dc30c000, 0x00007fa4dc311000, 0x00007fa4da9cf000, 0x00007fa4db364800
}

Java Threads: ( => current thread )
  0x00007fa4db006800 JavaThread "main" [_thread_blocked, id=6915, stack(0x0000000100a97000,0x0000000100b97000)]
  0x00007fa4db810800 JavaThread "Reference Handler" daemon [_thread_blocked, id=18179, stack(0x0000700007f01000,0x0000700008001000)]
  0x00007fa4db814800 JavaThread "Finalizer" daemon [_thread_blocked, id=14339, stack(0x0000700008004000,0x0000700008104000)]
  0x00007fa4dc091800 JavaThread "Signal Dispatcher" daemon [_thread_blocked, id=17159, stack(0x0000700008107000,0x0000700008207000)]
=>0x00007fa4da85d800 JavaThread "C1 CompilerThread0" daemon [_thread_in_vm, id=22019, stack(0x000070000820a000,0x000070000830a000)]
  0x00007fa4db012000 JavaThread "Sweeper thread" daemon [_thread_blocked, id=43011, stack(0x000070000830d000,0x000070000840d000)]
  0x00007fa4da800800 JavaThread "Common-Cleaner" daemon [_thread_blocked, id=22531, stack(0x0000700008410000,0x0000700008510000)]
  0x00007fa4da8e9000 JavaThread "Monitor Ctrl-Break" daemon [_thread_in_native, id=41987, stack(0x0000700008513000,0x0000700008613000)]
  0x00007fa4db877000 JavaThread "Service Thread" daemon [_thread_blocked, id=23555, stack(0x0000700008616000,0x0000700008716000)]
  0x00007fa4db23a000 JavaThread "RMI TCP Accept-0" daemon [_thread_in_native, id=24323, stack(0x0000700008719000,0x0000700008819000)]
  0x00007fa4db27c000 JavaThread "Attach Listener" daemon [_thread_blocked, id=40707, stack(0x000070000891f000,0x0000700008a1f000)]
  0x00007fa4dc1f3800 JavaThread "RMI TCP Connection(3)-192.168.8.52" daemon [_thread_in_native, id=39427, stack(0x0000700008d2b000,0x0000700008e2b000)]
  0x00007fa4dc30c000 JavaThread "RMI Scheduler(0)" daemon [_thread_blocked, id=39171, stack(0x0000700008e2e000,0x0000700008f2e000)]
  0x00007fa4dc311000 JavaThread "Thread-0" [_thread_blocked, id=38663, stack(0x0000700008f31000,0x0000700009031000)]
  0x00007fa4da9cf000 JavaThread "restartedMain" [_thread_blocked, id=38147, stack(0x0000700009034000,0x0000700009134000)]
  0x00007fa4db364800 JavaThread "RMI TCP Connection(2)-192.168.8.52" daemon [_thread_in_native, id=26891, stack(0x000070000933d000,0x000070000943d000)]

Other Threads:
  0x00007fa4db811800 VMThread "VM Thread" [stack: 0x0000700007dfe000,0x0000700007efe000] [id=18691]
  0x00007fa4db9b4000 WatcherThread [stack: 0x000070000881c000,0x000070000891c000] [id=41475]
  0x00007fa4db00f800 GCTaskThread "GC Thread#0" [stack: 0x00007000078ef000,0x00007000079ef000] [id=20739]
  0x00007fa4db28b800 GCTaskThread "GC Thread#1" [stack: 0x0000700008a22000,0x0000700008b22000] [id=24835]
  0x00007fa4db27c800 GCTaskThread "GC Thread#2" [stack: 0x0000700008b25000,0x0000700008c25000] [id=40451]
  0x00007fa4dc311800 GCTaskThread "GC Thread#3" [stack: 0x0000700009137000,0x0000700009237000] [id=37891]
  0x00007fa4dc03b000 ConcurrentGCThread "G1 Main Marker" [stack: 0x00007000079f2000,0x0000700007af2000] [id=12035]
  0x00007fa4dc03c000 ConcurrentGCThread "G1 Conc#0" [stack: 0x0000700007af5000,0x0000700007bf5000] [id=19971]
  0x00007fa4da81c800 ConcurrentGCThread "G1 Refine#0" [stack: 0x0000700007bf8000,0x0000700007cf8000] [id=19715]
  0x00007fa4db266000 ConcurrentGCThread "G1 Refine#1" [stack: 0x0000700008c28000,0x0000700008d28000] [id=39939]
  0x00007fa4da81d000 ConcurrentGCThread "G1 Young RemSet Sampling" [stack: 0x0000700007cfb000,0x0000700007dfb000] [id=13059]

Threads with active compile tasks:
C1 CompilerThread0   4100 3136   !   1       java.lang.ref.Finalizer::runFinalizer (117 bytes)

VM state:not at safepoint (normal execution)

VM Mutex/Monitor currently owned by a thread:  ([mutex/lock_event])
[0x00007fa4da502500] Compile_lock - owner thread: 0x00007fa4da85d800

Heap address: 0x0000000780000000, size: 2048 MB, Compressed Oops mode: Zero based, Oop shift amount: 3
Narrow klass base: 0x0000000800000000, Narrow klass shift: 0
Compressed class space size: 1073741824 Address: 0x0000000800000000

Heap:
 garbage-first heap   total 157696K, used 13983K [0x0000000780000000, 0x0000000800000000)
  region size 1024K, 8 young (8192K), 7 survivors (7168K)
 Metaspace       used 29497K, capacity 30493K, committed 30640K, reserved 1075200K
  class space    used 3660K, capacity 4036K, committed 4096K, reserved 1048576K
Heap Regions: E=young(eden), S=young(survivor), O=old, HS=humongous(starts), HC=humongous(continues), CS=collection set, F=free, A=archive, TAMS=top-at-mark-start (previous, next)
|   0|0x0000000780000000, 0x0000000780100000, 0x0000000780100000|100%|HS|  |TAMS 0x0000000780100000, 0x0000000780000000| Complete 
|   1|0x0000000780100000, 0x0000000780200000, 0x0000000780200000|100%| O|  |TAMS 0x0000000780200000, 0x0000000780100000| Untracked 
|   2|0x0000000780200000, 0x0000000780300000, 0x0000000780300000|100%| O|  |TAMS 0x0000000780300000, 0x0000000780200000| Untracked 
|   3|0x0000000780300000, 0x0000000780400000, 0x0000000780400000|100%| O|  |TAMS 0x0000000780400000, 0x0000000780300000| Untracked 
|   4|0x0000000780400000, 0x0000000780500000, 0x0000000780500000|100%| O|  |TAMS 0x0000000780500000, 0x0000000780400000| Untracked 
|   5|0x0000000780500000, 0x0000000780600000, 0x0000000780600000|100%| O|  |TAMS 0x0000000780600000, 0x0000000780500000| Untracked 
|   6|0x0000000780600000, 0x00000007806b2000, 0x0000000780700000| 69%| O|  |TAMS 0x00000007806b2000, 0x0000000780600000| Untracked 
|   7|0x0000000780700000, 0x0000000780700000, 0x0000000780800000|  0%| F|  |TAMS 0x0000000780700000, 0x0000000780700000| Untracked 
|   8|0x0000000780800000, 0x0000000780800000, 0x0000000780900000|  0%| F|  |TAMS 0x0000000780800000, 0x0000000780800000| Untracked 
|   9|0x0000000780900000, 0x0000000780900000, 0x0000000780a00000|  0%| F|  |TAMS 0x0000000780900000, 0x0000000780900000| Untracked 
|  10|0x0000000780a00000, 0x0000000780a00000, 0x0000000780b00000|  0%| F|  |TAMS 0x0000000780a00000, 0x0000000780a00000| Untracked 
|  11|0x0000000780b00000, 0x0000000780b00000, 0x0000000780c00000|  0%| F|  |TAMS 0x0000000780b00000, 0x0000000780b00000| Untracked 
|  12|0x0000000780c00000, 0x0000000780c00000, 0x0000000780d00000|  0%| F|  |TAMS 0x0000000780c00000, 0x0000000780c00000| Untracked 
|  13|0x0000000780d00000, 0x0000000780d00000, 0x0000000780e00000|  0%| F|  |TAMS 0x0000000780d00000, 0x0000000780d00000| Untracked 
|  14|0x0000000780e00000, 0x0000000780e00000, 0x0000000780f00000|  0%| F|  |TAMS 0x0000000780e00000, 0x0000000780e00000| Untracked 
|  15|0x0000000780f00000, 0x0000000780f00000, 0x0000000781000000|  0%| F|  |TAMS 0x0000000780f00000, 0x0000000780f00000| Untracked 
|  16|0x0000000781000000, 0x0000000781000000, 0x0000000781100000|  0%| F|  |TAMS 0x0000000781000000, 0x0000000781000000| Untracked 
|  17|0x0000000781100000, 0x0000000781100000, 0x0000000781200000|  0%| F|  |TAMS 0x0000000781100000, 0x0000000781100000| Untracked 
|  18|0x0000000781200000, 0x0000000781200000, 0x0000000781300000|  0%| F|  |TAMS 0x0000000781200000, 0x0000000781200000| Untracked 
|  19|0x0000000781300000, 0x0000000781300000, 0x0000000781400000|  0%| F|  |TAMS 0x0000000781300000, 0x0000000781300000| Untracked 
|  20|0x0000000781400000, 0x0000000781400000, 0x0000000781500000|  0%| F|  |TAMS 0x0000000781400000, 0x0000000781400000| Untracked 
|  21|0x0000000781500000, 0x0000000781500000, 0x0000000781600000|  0%| F|  |TAMS 0x0000000781500000, 0x0000000781500000| Untracked 
|  22|0x0000000781600000, 0x0000000781600000, 0x0000000781700000|  0%| F|  |TAMS 0x0000000781600000, 0x0000000781600000| Untracked 
|  23|0x0000000781700000, 0x0000000781700000, 0x0000000781800000|  0%| F|  |TAMS 0x0000000781700000, 0x0000000781700000| Untracked 
|  24|0x0000000781800000, 0x0000000781800000, 0x0000000781900000|  0%| F|  |TAMS 0x0000000781800000, 0x0000000781800000| Untracked 
|  25|0x0000000781900000, 0x0000000781900000, 0x0000000781a00000|  0%| F|  |TAMS 0x0000000781900000, 0x0000000781900000| Untracked 
|  26|0x0000000781a00000, 0x0000000781a00000, 0x0000000781b00000|  0%| F|  |TAMS 0x0000000781a00000, 0x0000000781a00000| Untracked 
|  27|0x0000000781b00000, 0x0000000781b00000, 0x0000000781c00000|  0%| F|  |TAMS 0x0000000781b00000, 0x0000000781b00000| Untracked 
|  28|0x0000000781c00000, 0x0000000781c00000, 0x0000000781d00000|  0%| F|  |TAMS 0x0000000781c00000, 0x0000000781c00000| Untracked 
|  29|0x0000000781d00000, 0x0000000781d00000, 0x0000000781e00000|  0%| F|  |TAMS 0x0000000781d00000, 0x0000000781d00000| Untracked 
|  30|0x0000000781e00000, 0x0000000781e00000, 0x0000000781f00000|  0%| F|  |TAMS 0x0000000781e00000, 0x0000000781e00000| Untracked 
|  31|0x0000000781f00000, 0x0000000781f00000, 0x0000000782000000|  0%| F|  |TAMS 0x0000000781f00000, 0x0000000781f00000| Untracked 
|  32|0x0000000782000000, 0x0000000782000000, 0x0000000782100000|  0%| F|  |TAMS 0x0000000782000000, 0x0000000782000000| Untracked 
|  33|0x0000000782100000, 0x0000000782100000, 0x0000000782200000|  0%| F|  |TAMS 0x0000000782100000, 0x0000000782100000| Untracked 
|  34|0x0000000782200000, 0x0000000782200000, 0x0000000782300000|  0%| F|  |TAMS 0x0000000782200000, 0x0000000782200000| Untracked 
|  35|0x0000000782300000, 0x0000000782300000, 0x0000000782400000|  0%| F|  |TAMS 0x0000000782300000, 0x0000000782300000| Untracked 
|  36|0x0000000782400000, 0x0000000782400000, 0x0000000782500000|  0%| F|  |TAMS 0x0000000782400000, 0x0000000782400000| Untracked 
|  37|0x0000000782500000, 0x0000000782500000, 0x0000000782600000|  0%| F|  |TAMS 0x0000000782500000, 0x0000000782500000| Untracked 
|  38|0x0000000782600000, 0x0000000782600000, 0x0000000782700000|  0%| F|  |TAMS 0x0000000782600000, 0x0000000782600000| Untracked 
|  39|0x0000000782700000, 0x0000000782700000, 0x0000000782800000|  0%| F|  |TAMS 0x0000000782700000, 0x0000000782700000| Untracked 
|  40|0x0000000782800000, 0x0000000782800000, 0x0000000782900000|  0%| F|  |TAMS 0x0000000782800000, 0x0000000782800000| Untracked 
|  41|0x0000000782900000, 0x0000000782900000, 0x0000000782a00000|  0%| F|  |TAMS 0x0000000782900000, 0x0000000782900000| Untracked 
|  42|0x0000000782a00000, 0x0000000782a00000, 0x0000000782b00000|  0%| F|  |TAMS 0x0000000782a00000, 0x0000000782a00000| Untracked 
|  43|0x0000000782b00000, 0x0000000782b00000, 0x0000000782c00000|  0%| F|  |TAMS 0x0000000782b00000, 0x0000000782b00000| Untracked 
|  44|0x0000000782c00000, 0x0000000782c00000, 0x0000000782d00000|  0%| F|  |TAMS 0x0000000782c00000, 0x0000000782c00000| Untracked 
|  45|0x0000000782d00000, 0x0000000782d00000, 0x0000000782e00000|  0%| F|  |TAMS 0x0000000782d00000, 0x0000000782d00000| Untracked 
|  46|0x0000000782e00000, 0x0000000782e00000, 0x0000000782f00000|  0%| F|  |TAMS 0x0000000782e00000, 0x0000000782e00000| Untracked 
|  47|0x0000000782f00000, 0x0000000782f00000, 0x0000000783000000|  0%| F|  |TAMS 0x0000000782f00000, 0x0000000782f00000| Untracked 
|  48|0x0000000783000000, 0x0000000783000000, 0x0000000783100000|  0%| F|  |TAMS 0x0000000783000000, 0x0000000783000000| Untracked 
|  49|0x0000000783100000, 0x0000000783100000, 0x0000000783200000|  0%| F|  |TAMS 0x0000000783100000, 0x0000000783100000| Untracked 
|  50|0x0000000783200000, 0x0000000783200000, 0x0000000783300000|  0%| F|  |TAMS 0x0000000783200000, 0x0000000783200000| Untracked 
|  51|0x0000000783300000, 0x0000000783300000, 0x0000000783400000|  0%| F|  |TAMS 0x0000000783300000, 0x0000000783300000| Untracked 
|  52|0x0000000783400000, 0x0000000783400000, 0x0000000783500000|  0%| F|  |TAMS 0x0000000783400000, 0x0000000783400000| Untracked 
|  53|0x0000000783500000, 0x0000000783500000, 0x0000000783600000|  0%| F|  |TAMS 0x0000000783500000, 0x0000000783500000| Untracked 
|  54|0x0000000783600000, 0x0000000783600000, 0x0000000783700000|  0%| F|  |TAMS 0x0000000783600000, 0x0000000783600000| Untracked 
|  55|0x0000000783700000, 0x0000000783700000, 0x0000000783800000|  0%| F|  |TAMS 0x0000000783700000, 0x0000000783700000| Untracked 
|  56|0x0000000783800000, 0x0000000783800000, 0x0000000783900000|  0%| F|  |TAMS 0x0000000783800000, 0x0000000783800000| Untracked 
|  57|0x0000000783900000, 0x0000000783900000, 0x0000000783a00000|  0%| F|  |TAMS 0x0000000783900000, 0x0000000783900000| Untracked 
|  58|0x0000000783a00000, 0x0000000783a00000, 0x0000000783b00000|  0%| F|  |TAMS 0x0000000783a00000, 0x0000000783a00000| Untracked 
|  59|0x0000000783b00000, 0x0000000783b00000, 0x0000000783c00000|  0%| F|  |TAMS 0x0000000783b00000, 0x0000000783b00000| Untracked 
|  60|0x0000000783c00000, 0x0000000783c00000, 0x0000000783d00000|  0%| F|  |TAMS 0x0000000783c00000, 0x0000000783c00000| Untracked 
|  61|0x0000000783d00000, 0x0000000783d00000, 0x0000000783e00000|  0%| F|  |TAMS 0x0000000783d00000, 0x0000000783d00000| Untracked 
|  62|0x0000000783e00000, 0x0000000783e00000, 0x0000000783f00000|  0%| F|  |TAMS 0x0000000783e00000, 0x0000000783e00000| Untracked 
|  63|0x0000000783f00000, 0x0000000783f00000, 0x0000000784000000|  0%| F|  |TAMS 0x0000000783f00000, 0x0000000783f00000| Untracked 
|  64|0x0000000784000000, 0x0000000784000000, 0x0000000784100000|  0%| F|  |TAMS 0x0000000784000000, 0x0000000784000000| Untracked 
|  65|0x0000000784100000, 0x0000000784100000, 0x0000000784200000|  0%| F|  |TAMS 0x0000000784100000, 0x0000000784100000| Untracked 
|  66|0x0000000784200000, 0x0000000784200000, 0x0000000784300000|  0%| F|  |TAMS 0x0000000784200000, 0x0000000784200000| Untracked 
|  67|0x0000000784300000, 0x0000000784300000, 0x0000000784400000|  0%| F|  |TAMS 0x0000000784300000, 0x0000000784300000| Untracked 
|  68|0x0000000784400000, 0x00000007844f5eb0, 0x0000000784500000| 96%| S|CS|TAMS 0x0000000784400000, 0x0000000784400000| Complete 
|  69|0x0000000784500000, 0x0000000784600000, 0x0000000784600000|100%| S|CS|TAMS 0x0000000784500000, 0x0000000784500000| Complete 
|  70|0x0000000784600000, 0x0000000784700000, 0x0000000784700000|100%| S|CS|TAMS 0x0000000784600000, 0x0000000784600000| Complete 
|  71|0x0000000784700000, 0x0000000784800000, 0x0000000784800000|100%| S|CS|TAMS 0x0000000784700000, 0x0000000784700000| Complete 
|  72|0x0000000784800000, 0x0000000784900000, 0x0000000784900000|100%| S|CS|TAMS 0x0000000784800000, 0x0000000784800000| Complete 
|  73|0x0000000784900000, 0x0000000784a00000, 0x0000000784a00000|100%| S|CS|TAMS 0x0000000784900000, 0x0000000784900000| Complete 
|  74|0x0000000784a00000, 0x0000000784b00000, 0x0000000784b00000|100%| S|CS|TAMS 0x0000000784a00000, 0x0000000784a00000| Complete 
|  75|0x0000000784b00000, 0x0000000784b00000, 0x0000000784c00000|  0%| F|  |TAMS 0x0000000784b00000, 0x0000000784b00000| Untracked 
|  76|0x0000000784c00000, 0x0000000784c00000, 0x0000000784d00000|  0%| F|  |TAMS 0x0000000784c00000, 0x0000000784c00000| Untracked 
|  77|0x0000000784d00000, 0x0000000784d00000, 0x0000000784e00000|  0%| F|  |TAMS 0x0000000784d00000, 0x0000000784d00000| Untracked 
|  78|0x0000000784e00000, 0x0000000784e00000, 0x0000000784f00000|  0%| F|  |TAMS 0x0000000784e00000, 0x0000000784e00000| Untracked 
|  79|0x0000000784f00000, 0x0000000784f00000, 0x0000000785000000|  0%| F|  |TAMS 0x0000000784f00000, 0x0000000784f00000| Untracked 
|  80|0x0000000785000000, 0x0000000785000000, 0x0000000785100000|  0%| F|  |TAMS 0x0000000785000000, 0x0000000785000000| Untracked 
|  81|0x0000000785100000, 0x0000000785100000, 0x0000000785200000|  0%| F|  |TAMS 0x0000000785100000, 0x0000000785100000| Untracked 
|  82|0x0000000785200000, 0x0000000785200000, 0x0000000785300000|  0%| F|  |TAMS 0x0000000785200000, 0x0000000785200000| Untracked 
|  83|0x0000000785300000, 0x0000000785300000, 0x0000000785400000|  0%| F|  |TAMS 0x0000000785300000, 0x0000000785300000| Untracked 
|  84|0x0000000785400000, 0x0000000785400000, 0x0000000785500000|  0%| F|  |TAMS 0x0000000785400000, 0x0000000785400000| Untracked 
|  85|0x0000000785500000, 0x0000000785500000, 0x0000000785600000|  0%| F|  |TAMS 0x0000000785500000, 0x0000000785500000| Untracked 
|  86|0x0000000785600000, 0x0000000785600000, 0x0000000785700000|  0%| F|  |TAMS 0x0000000785600000, 0x0000000785600000| Untracked 
|  87|0x0000000785700000, 0x0000000785700000, 0x0000000785800000|  0%| F|  |TAMS 0x0000000785700000, 0x0000000785700000| Untracked 
|  88|0x0000000785800000, 0x0000000785800000, 0x0000000785900000|  0%| F|  |TAMS 0x0000000785800000, 0x0000000785800000| Untracked 
|  89|0x0000000785900000, 0x0000000785900000, 0x0000000785a00000|  0%| F|  |TAMS 0x0000000785900000, 0x0000000785900000| Untracked 
|  90|0x0000000785a00000, 0x0000000785a00000, 0x0000000785b00000|  0%| F|  |TAMS 0x0000000785a00000, 0x0000000785a00000| Untracked 
|  91|0x0000000785b00000, 0x0000000785b00000, 0x0000000785c00000|  0%| F|  |TAMS 0x0000000785b00000, 0x0000000785b00000| Untracked 
|  92|0x0000000785c00000, 0x0000000785c00000, 0x0000000785d00000|  0%| F|  |TAMS 0x0000000785c00000, 0x0000000785c00000| Untracked 
|  93|0x0000000785d00000, 0x0000000785d00000, 0x0000000785e00000|  0%| F|  |TAMS 0x0000000785d00000, 0x0000000785d00000| Untracked 
|  94|0x0000000785e00000, 0x0000000785e00000, 0x0000000785f00000|  0%| F|  |TAMS 0x0000000785e00000, 0x0000000785e00000| Untracked 
|  95|0x0000000785f00000, 0x0000000785f00000, 0x0000000786000000|  0%| F|  |TAMS 0x0000000785f00000, 0x0000000785f00000| Untracked 
|  96|0x0000000786000000, 0x0000000786000000, 0x0000000786100000|  0%| F|  |TAMS 0x0000000786000000, 0x0000000786000000| Untracked 
|  97|0x0000000786100000, 0x0000000786100000, 0x0000000786200000|  0%| F|  |TAMS 0x0000000786100000, 0x0000000786100000| Untracked 
|  98|0x0000000786200000, 0x0000000786200000, 0x0000000786300000|  0%| F|  |TAMS 0x0000000786200000, 0x0000000786200000| Untracked 
|  99|0x0000000786300000, 0x0000000786300000, 0x0000000786400000|  0%| F|  |TAMS 0x0000000786300000, 0x0000000786300000| Untracked 
| 100|0x0000000786400000, 0x0000000786400000, 0x0000000786500000|  0%| F|  |TAMS 0x0000000786400000, 0x0000000786400000| Untracked 
| 101|0x0000000786500000, 0x0000000786500000, 0x0000000786600000|  0%| F|  |TAMS 0x0000000786500000, 0x0000000786500000| Untracked 
| 102|0x0000000786600000, 0x0000000786600000, 0x0000000786700000|  0%| F|  |TAMS 0x0000000786600000, 0x0000000786600000| Untracked 
| 103|0x0000000786700000, 0x0000000786700000, 0x0000000786800000|  0%| F|  |TAMS 0x0000000786700000, 0x0000000786700000| Untracked 
| 104|0x0000000786800000, 0x0000000786800000, 0x0000000786900000|  0%| F|  |TAMS 0x0000000786800000, 0x0000000786800000| Untracked 
| 105|0x0000000786900000, 0x0000000786900000, 0x0000000786a00000|  0%| F|  |TAMS 0x0000000786900000, 0x0000000786900000| Untracked 
| 106|0x0000000786a00000, 0x0000000786a00000, 0x0000000786b00000|  0%| F|  |TAMS 0x0000000786a00000, 0x0000000786a00000| Untracked 
| 107|0x0000000786b00000, 0x0000000786b00000, 0x0000000786c00000|  0%| F|  |TAMS 0x0000000786b00000, 0x0000000786b00000| Untracked 
| 108|0x0000000786c00000, 0x0000000786c00000, 0x0000000786d00000|  0%| F|  |TAMS 0x0000000786c00000, 0x0000000786c00000| Untracked 
| 109|0x0000000786d00000, 0x0000000786d00000, 0x0000000786e00000|  0%| F|  |TAMS 0x0000000786d00000, 0x0000000786d00000| Untracked 
| 110|0x0000000786e00000, 0x0000000786e00000, 0x0000000786f00000|  0%| F|  |TAMS 0x0000000786e00000, 0x0000000786e00000| Untracked 
| 111|0x0000000786f00000, 0x0000000786f00000, 0x0000000787000000|  0%| F|  |TAMS 0x0000000786f00000, 0x0000000786f00000| Untracked 
| 112|0x0000000787000000, 0x0000000787000000, 0x0000000787100000|  0%| F|  |TAMS 0x0000000787000000, 0x0000000787000000| Untracked 
| 113|0x0000000787100000, 0x0000000787100000, 0x0000000787200000|  0%| F|  |TAMS 0x0000000787100000, 0x0000000787100000| Untracked 
| 114|0x0000000787200000, 0x0000000787200000, 0x0000000787300000|  0%| F|  |TAMS 0x0000000787200000, 0x0000000787200000| Untracked 
| 115|0x0000000787300000, 0x0000000787300000, 0x0000000787400000|  0%| F|  |TAMS 0x0000000787300000, 0x0000000787300000| Untracked 
| 116|0x0000000787400000, 0x0000000787400000, 0x0000000787500000|  0%| F|  |TAMS 0x0000000787400000, 0x0000000787400000| Untracked 
| 117|0x0000000787500000, 0x0000000787500000, 0x0000000787600000|  0%| F|  |TAMS 0x0000000787500000, 0x0000000787500000| Untracked 
| 118|0x0000000787600000, 0x0000000787600000, 0x0000000787700000|  0%| F|  |TAMS 0x0000000787600000, 0x0000000787600000| Untracked 
| 119|0x0000000787700000, 0x0000000787700000, 0x0000000787800000|  0%| F|  |TAMS 0x0000000787700000, 0x0000000787700000| Untracked 
| 120|0x0000000787800000, 0x0000000787800000, 0x0000000787900000|  0%| F|  |TAMS 0x0000000787800000, 0x0000000787800000| Untracked 
| 121|0x0000000787900000, 0x0000000787900000, 0x0000000787a00000|  0%| F|  |TAMS 0x0000000787900000, 0x0000000787900000| Untracked 
| 122|0x0000000787a00000, 0x0000000787a00000, 0x0000000787b00000|  0%| F|  |TAMS 0x0000000787a00000, 0x0000000787a00000| Untracked 
| 123|0x0000000787b00000, 0x0000000787b00000, 0x0000000787c00000|  0%| F|  |TAMS 0x0000000787b00000, 0x0000000787b00000| Untracked 
| 124|0x0000000787c00000, 0x0000000787c00000, 0x0000000787d00000|  0%| F|  |TAMS 0x0000000787c00000, 0x0000000787c00000| Untracked 
| 125|0x0000000787d00000, 0x0000000787d00000, 0x0000000787e00000|  0%| F|  |TAMS 0x0000000787d00000, 0x0000000787d00000| Untracked 
| 126|0x0000000787e00000, 0x0000000787e00000, 0x0000000787f00000|  0%| F|  |TAMS 0x0000000787e00000, 0x0000000787e00000| Untracked 
| 127|0x0000000787f00000, 0x0000000787f00000, 0x0000000788000000|  0%| F|  |TAMS 0x0000000787f00000, 0x0000000787f00000| Untracked 
| 128|0x0000000788000000, 0x0000000788000000, 0x0000000788100000|  0%| F|  |TAMS 0x0000000788000000, 0x0000000788000000| Untracked 
| 129|0x0000000788100000, 0x0000000788100000, 0x0000000788200000|  0%| F|  |TAMS 0x0000000788100000, 0x0000000788100000| Untracked 
| 130|0x0000000788200000, 0x0000000788200000, 0x0000000788300000|  0%| F|  |TAMS 0x0000000788200000, 0x0000000788200000| Untracked 
| 131|0x0000000788300000, 0x0000000788300000, 0x0000000788400000|  0%| F|  |TAMS 0x0000000788300000, 0x0000000788300000| Untracked 
| 132|0x0000000788400000, 0x0000000788400000, 0x0000000788500000|  0%| F|  |TAMS 0x0000000788400000, 0x0000000788400000| Untracked 
| 133|0x0000000788500000, 0x0000000788500000, 0x0000000788600000|  0%| F|  |TAMS 0x0000000788500000, 0x0000000788500000| Untracked 
| 134|0x0000000788600000, 0x0000000788600000, 0x0000000788700000|  0%| F|  |TAMS 0x0000000788600000, 0x0000000788600000| Untracked 
| 135|0x0000000788700000, 0x0000000788700000, 0x0000000788800000|  0%| F|  |TAMS 0x0000000788700000, 0x0000000788700000| Untracked 
| 136|0x0000000788800000, 0x0000000788800000, 0x0000000788900000|  0%| F|  |TAMS 0x0000000788800000, 0x0000000788800000| Untracked 
| 137|0x0000000788900000, 0x0000000788900000, 0x0000000788a00000|  0%| F|  |TAMS 0x0000000788900000, 0x0000000788900000| Untracked 
| 138|0x0000000788a00000, 0x0000000788a00000, 0x0000000788b00000|  0%| F|  |TAMS 0x0000000788a00000, 0x0000000788a00000| Untracked 
| 139|0x0000000788b00000, 0x0000000788b00000, 0x0000000788c00000|  0%| F|  |TAMS 0x0000000788b00000, 0x0000000788b00000| Untracked 
| 140|0x0000000788c00000, 0x0000000788c00000, 0x0000000788d00000|  0%| F|  |TAMS 0x0000000788c00000, 0x0000000788c00000| Untracked 
| 141|0x0000000788d00000, 0x0000000788d00000, 0x0000000788e00000|  0%| F|  |TAMS 0x0000000788d00000, 0x0000000788d00000| Untracked 
| 142|0x0000000788e00000, 0x0000000788e00000, 0x0000000788f00000|  0%| F|  |TAMS 0x0000000788e00000, 0x0000000788e00000| Untracked 
| 143|0x0000000788f00000, 0x0000000788f00000, 0x0000000789000000|  0%| F|  |TAMS 0x0000000788f00000, 0x0000000788f00000| Untracked 
| 144|0x0000000789000000, 0x0000000789000000, 0x0000000789100000|  0%| F|  |TAMS 0x0000000789000000, 0x0000000789000000| Untracked 
| 145|0x0000000789100000, 0x0000000789100000, 0x0000000789200000|  0%| F|  |TAMS 0x0000000789100000, 0x0000000789100000| Untracked 
| 146|0x0000000789200000, 0x0000000789200000, 0x0000000789300000|  0%| F|  |TAMS 0x0000000789200000, 0x0000000789200000| Untracked 
| 147|0x0000000789300000, 0x0000000789300000, 0x0000000789400000|  0%| F|  |TAMS 0x0000000789300000, 0x0000000789300000| Untracked 
| 148|0x0000000789400000, 0x0000000789400000, 0x0000000789500000|  0%| F|  |TAMS 0x0000000789400000, 0x0000000789400000| Untracked 
| 149|0x0000000789500000, 0x0000000789500000, 0x0000000789600000|  0%| F|  |TAMS 0x0000000789500000, 0x0000000789500000| Untracked 
| 150|0x0000000789600000, 0x0000000789600000, 0x0000000789700000|  0%| F|  |TAMS 0x0000000789600000, 0x0000000789600000| Untracked 
| 151|0x0000000789700000, 0x0000000789700000, 0x0000000789800000|  0%| F|  |TAMS 0x0000000789700000, 0x0000000789700000| Untracked 
| 152|0x0000000789800000, 0x0000000789800000, 0x0000000789900000|  0%| F|  |TAMS 0x0000000789800000, 0x0000000789800000| Untracked 
| 153|0x0000000789900000, 0x0000000789980800, 0x0000000789a00000| 50%| E|  |TAMS 0x0000000789900000, 0x0000000789900000| Complete 

Card table byte_map: [0x000000011a232000,0x000000011a632000] _byte_map_base: 0x0000000116632000

Marking Bits (Prev, Next): (CMBitMap*) 0x00007fa4dc032a50, (CMBitMap*) 0x00007fa4dc032a18
 Prev Bits: [0x000000011ca32000, 0x000000011ea32000)
 Next Bits: [0x000000011aa32000, 0x000000011ca32000)

Polling page: 0x0000000100be2000

Metaspace:

Usage:
  Non-class:     25.84 MB capacity,    25.23 MB ( 98%) used,   518.73 KB (  2%) free+waste,   101.25 KB ( <1%) overhead. 
      Class:      3.94 MB capacity,     3.57 MB ( 91%) used,   324.95 KB (  8%) free+waste,    51.00 KB (  1%) overhead. 
       Both:     29.78 MB capacity,    28.81 MB ( 97%) used,   843.68 KB (  3%) free+waste,   152.25 KB ( <1%) overhead. 

Virtual space:
  Non-class space:       26.00 MB reserved,      25.92 MB (>99%) committed 
      Class space:        1.00 GB reserved,       4.00 MB ( <1%) committed 
             Both:        1.03 GB reserved,      29.92 MB (  3%) committed 

Chunk freelists:
   Non-Class:  2.38 KB
       Class:  3.50 KB
        Both:  5.88 KB

CodeHeap 'non-profiled nmethods': size=238948Kb used=4841Kb max_used=4841Kb free=234107Kb
 bounds [0x000000010b2d9000, 0x000000010b799000, 0x0000000119c32000]
CodeHeap 'non-nmethods': size=6812Kb used=1146Kb max_used=1146Kb free=5665Kb
 bounds [0x000000010ac32000, 0x000000010aea2000, 0x000000010b2d9000]
 total_blobs=3598 nmethods=3119 adapters=405
 compilation: enabled
              stopped_count=0, restarted_count=0
 full_count=0

Compilation events (10 events):
Event: 4.056 Thread 0x00007fa4da85d800 nmethod 3130 0x000000010b791910 code [0x000000010b791ac0, 0x000000010b791c78]
Event: 4.056 Thread 0x00007fa4da85d800 3131   !   1       sun.net.www.protocol.jar.JarFileFactory::close (46 bytes)
Event: 4.060 Thread 0x00007fa4da85d800 nmethod 3131 0x000000010b791d90 code [0x000000010b791f80, 0x000000010b792468]
Event: 4.060 Thread 0x00007fa4da85d800 3133  s    1       java.util.zip.Inflater$InflaterZStreamRef::run (21 bytes)
Event: 4.061 Thread 0x00007fa4da85d800 nmethod 3133 0x000000010b792790 code [0x000000010b792940, 0x000000010b792c28]
Event: 4.061 Thread 0x00007fa4da85d800 3132       1       java.util.zip.ZipFile$CleanableResource$FinalizableResource::clean (5 bytes)
Event: 4.061 Thread 0x00007fa4da85d800 nmethod 3132 0x000000010b792d10 code [0x000000010b792ec0, 0x000000010b792fe8]
Event: 4.062 Thread 0x00007fa4da85d800 3135       1       java.lang.ref.ReferenceQueue::remove (6 bytes)
Event: 4.062 Thread 0x00007fa4da85d800 nmethod 3135 0x000000010b793490 code [0x000000010b793640, 0x000000010b793788]
Event: 4.062 Thread 0x00007fa4da85d800 3136   !   1       java.lang.ref.Finalizer::runFinalizer (117 bytes)

GC Heap History (10 events):
Event: 1.455 GC heap before
{Heap before GC invocations=2 (full 0):
 garbage-first heap   total 131072K, used 31186K [0x0000000780000000, 0x0000000800000000)
  region size 1024K, 25 young (25600K), 1 survivors (1024K)
 Metaspace       used 15127K, capacity 15542K, committed 15744K, reserved 1062912K
  class space    used 1628K, capacity 1816K, committed 1920K, reserved 1048576K
}
Event: 1.459 GC heap after
{Heap after GC invocations=3 (full 0):
 garbage-first heap   total 131072K, used 8197K [0x0000000780000000, 0x0000000800000000)
  region size 1024K, 2 young (2048K), 2 survivors (2048K)
 Metaspace       used 15127K, capacity 15542K, committed 15744K, reserved 1062912K
  class space    used 1628K, capacity 1816K, committed 1920K, reserved 1048576K
}
Event: 1.798 GC heap before
{Heap before GC invocations=3 (full 0):
 garbage-first heap   total 131072K, used 43013K [0x0000000780000000, 0x0000000800000000)
  region size 1024K, 37 young (37888K), 2 survivors (2048K)
 Metaspace       used 17795K, capacity 18399K, committed 18688K, reserved 1064960K
  class space    used 1982K, capacity 2225K, committed 2304K, reserved 1048576K
}
Event: 1.805 GC heap after
{Heap after GC invocations=4 (full 0):
 garbage-first heap   total 131072K, used 8861K [0x0000000780000000, 0x0000000800000000)
  region size 1024K, 2 young (2048K), 2 survivors (2048K)
 Metaspace       used 17795K, capacity 18399K, committed 18688K, reserved 1064960K
  class space    used 1982K, capacity 2225K, committed 2304K, reserved 1048576K
}
Event: 2.052 GC heap before
{Heap before GC invocations=4 (full 0):
 garbage-first heap   total 131072K, used 25245K [0x0000000780000000, 0x0000000800000000)
  region size 1024K, 19 young (19456K), 2 survivors (2048K)
 Metaspace       used 20527K, capacity 21114K, committed 21296K, reserved 1069056K
  class space    used 2373K, capacity 2637K, committed 2688K, reserved 1048576K
}
Event: 2.057 GC heap after
{Heap after GC invocations=5 (full 0):
 garbage-first heap   total 157696K, used 9573K [0x0000000780000000, 0x0000000800000000)
  region size 1024K, 3 young (3072K), 3 survivors (3072K)
 Metaspace       used 20527K, capacity 21114K, committed 21296K, reserved 1069056K
  class space    used 2373K, capacity 2637K, committed 2688K, reserved 1048576K
}
Event: 3.186 GC heap before
{Heap before GC invocations=6 (full 0):
 garbage-first heap   total 157696K, used 68965K [0x0000000780000000, 0x0000000800000000)
  region size 1024K, 62 young (63488K), 3 survivors (3072K)
 Metaspace       used 27090K, capacity 27953K, committed 28208K, reserved 1073152K
  class space    used 3321K, capacity 3666K, committed 3712K, reserved 1048576K
}
Event: 3.197 GC heap after
{Heap after GC invocations=7 (full 0):
 garbage-first heap   total 157696K, used 11510K [0x0000000780000000, 0x0000000800000000)
  region size 1024K, 5 young (5120K), 5 survivors (5120K)
 Metaspace       used 27090K, capacity 27953K, committed 28208K, reserved 1073152K
  class space    used 3321K, capacity 3666K, committed 3712K, reserved 1048576K
}
Event: 4.034 GC heap before
{Heap before GC invocations=7 (full 0):
 garbage-first heap   total 157696K, used 86262K [0x0000000780000000, 0x0000000800000000)
  region size 1024K, 79 young (80896K), 5 survivors (5120K)
 Metaspace       used 29468K, capacity 30461K, committed 30640K, reserved 1075200K
  class space    used 3654K, capacity 4004K, committed 4096K, reserved 1048576K
}
Event: 4.048 GC heap after
{Heap after GC invocations=8 (full 0):
 garbage-first heap   total 157696K, used 13983K [0x0000000780000000, 0x0000000800000000)
  region size 1024K, 7 young (7168K), 7 survivors (7168K)
 Metaspace       used 29468K, capacity 30461K, committed 30640K, reserved 1075200K
  class space    used 3654K, capacity 4004K, committed 4096K, reserved 1048576K
}

Deoptimization events (0 events):
No events

Classes redefined (0 events):
No events

Internal exceptions (10 events):
Event: 3.018 Thread 0x00007fa4dc31d000 Exception <a 'java/lang/NoSuchMethodError'{0x00000007875c1bc0}: java.lang.invoke.DirectMethodHandle$Holder.invokeStatic(Ljava/lang/Object;Ljava/lang/Object;)J> (0x00000007875c1bc0) thrown at [./open/src/hotspot/share/interpreter/linkResolver.cpp, line 772
Event: 3.019 Thread 0x00007fa4dc31d000 Exception <a 'java/lang/NoSuchMethodError'{0x00000007875c49e8}: java.lang.invoke.DirectMethodHandle$Holder.invokeStaticInit(Ljava/lang/Object;Ljava/lang/Object;)J> (0x00000007875c49e8) thrown at [./open/src/hotspot/share/interpreter/linkResolver.cpp, line
Event: 3.024 Thread 0x00007fa4dc31d000 Exception <a 'java/lang/NoSuchMethodError'{0x00000007874081c0}: java.lang.invoke.DirectMethodHandle$Holder.invokeInterface(Ljava/lang/Object;Ljava/lang/Object;)J> (0x00000007874081c0) thrown at [./open/src/hotspot/share/interpreter/linkResolver.cpp, line 
Event: 3.024 Thread 0x00007fa4dc31d000 Exception <a 'java/lang/IncompatibleClassChangeError'{0x000000078740af58}: Found class java.lang.Object, but interface was expected> (0x000000078740af58) thrown at [./open/src/hotspot/share/interpreter/linkResolver.cpp, line 838]
Event: 3.052 Thread 0x00007fa4dc31d000 Exception <a 'java/lang/NoSuchMethodError'{0x000000078737d8f8}: java.lang.invoke.DirectMethodHandle$Holder.invokeVirtual(Ljava/lang/Object;Ljava/lang/Object;Ljava/lang/Object;Ljava/lang/Object;)Ljava/lang/Object;> (0x000000078737d8f8) thrown at [./open/sr
Event: 3.096 Thread 0x00007fa4da9cf000 Exception <a 'java/lang/NoSuchMethodError'{0x00000007871eb100}: java.lang.invoke.DirectMethodHandle$Holder.invokeSpecialIFC(Ljava/lang/Object;Ljava/lang/Object;Ljava/lang/Object;Ljava/lang/Object;)I> (0x00000007871eb100) thrown at [./open/src/hotspot/shar
Event: 3.271 Thread 0x00007fa4da9cf000 Exception <a 'java/lang/IncompatibleClassChangeError'{0x0000000787f648d0}: Found class java.lang.Object, but interface was expected> (0x0000000787f648d0) thrown at [./open/src/hotspot/share/interpreter/linkResolver.cpp, line 838]
Event: 3.316 Thread 0x00007fa4da9cf000 Exception <a 'java/lang/NoSuchMethodError'{0x0000000787d7ffe0}: java.lang.invoke.DirectMethodHandle$Holder.invokeInterface(Ljava/lang/Object;Ljava/lang/Object;Ljava/lang/Object;Ljava/lang/Object;)V> (0x0000000787d7ffe0) thrown at [./open/src/hotspot/share
Event: 3.479 Thread 0x00007fa4dc1f3800 Exception <a 'java/lang/reflect/InvocationTargetException'{0x0000000787509500}> (0x0000000787509500) thrown at [./open/src/hotspot/share/runtime/reflection.cpp, line 1242]
Event: 3.989 Thread 0x00007fa4dc1f3800 Exception <a 'java/lang/reflect/InvocationTargetException'{0x0000000787516088}> (0x0000000787516088) thrown at [./open/src/hotspot/share/runtime/reflection.cpp, line 1242]

Events (10 events):
Event: 4.059 Executing VM operation: BulkRevokeBias
Event: 4.059 Executing VM operation: BulkRevokeBias done
Event: 4.059 Executing VM operation: RevokeBias
Event: 4.060 Executing VM operation: RevokeBias done
Event: 4.060 Executing VM operation: BulkRevokeBias
Event: 4.060 Executing VM operation: BulkRevokeBias done
Event: 4.061 loading class org/springframework/aop/aspectj/autoproxy/AspectJAwareAdvisorAutoProxyCreator
Event: 4.061 loading class org/springframework/aop/aspectj/autoproxy/AspectJAwareAdvisorAutoProxyCreator done
Event: 4.062 loading class org/springframework/aop/aspectj/annotation/AnnotationAwareAspectJAutoProxyCreator
Event: 4.062 loading class org/springframework/aop/aspectj/annotation/AnnotationAwareAspectJAutoProxyCreator done


Dynamic libraries:
0x00007fff36fa9000 	/System/Library/Frameworks/Cocoa.framework/Versions/A/Cocoa
0x00007fff4360c000 	/System/Library/Frameworks/Security.framework/Versions/A/Security
0x00007fff35be7000 	/System/Library/Frameworks/ApplicationServices.framework/Versions/A/ApplicationServices
0x00007fff5f5cc000 	/usr/lib/libz.1.dylib
0x0000000100a6a000 	/Library/Java/JavaVirtualMachines/jdk-11.0.9.jdk/Contents/Home/lib/jli/libjli.dylib
0x00007fff5d47a000 	/usr/lib/libSystem.B.dylib
0x00007fff34d37000 	/System/Library/Frameworks/AppKit.framework/Versions/C/AppKit
0x00007fff37321000 	/System/Library/Frameworks/CoreData.framework/Versions/A/CoreData
0x00007fff398e6000 	/System/Library/Frameworks/Foundation.framework/Versions/C/Foundation
0x00007fff56d2d000 	/System/Library/PrivateFrameworks/RemoteViewServices.framework/Versions/A/RemoteViewServices
0x00007fff5b4ab000 	/System/Library/PrivateFrameworks/UIFoundation.framework/Versions/A/UIFoundation
0x00007fff4bb25000 	/System/Library/PrivateFrameworks/DFRFoundation.framework/Versions/A/DFRFoundation
0x00007fff3bf6b000 	/System/Library/Frameworks/Metal.framework/Versions/A/Metal
0x00007fff4bcc2000 	/System/Library/PrivateFrameworks/DesktopServicesPriv.framework/Versions/A/DesktopServicesPriv
0x00007fff5e102000 	/usr/lib/libenergytrace.dylib
0x00007fff59515000 	/System/Library/PrivateFrameworks/SkyLight.framework/Versions/A/SkyLight
0x00007fff37c08000 	/System/Library/Frameworks/CoreGraphics.framework/Versions/A/CoreGraphics
0x00007fff5d475000 	/usr/lib/libScreenReader.dylib
0x00007fff33a49000 	/System/Library/Frameworks/Accelerate.framework/Versions/A/Accelerate
0x00007fff3a061000 	/System/Library/Frameworks/IOSurface.framework/Versions/A/IOSurface
0x00007fff36132000 	/System/Library/Frameworks/AudioToolbox.framework/Versions/A/AudioToolbox
0x00007fff363c2000 	/System/Library/Frameworks/AudioUnit.framework/Versions/A/AudioUnit
0x00007fff4bbbd000 	/System/Library/PrivateFrameworks/DataDetectorsCore.framework/Versions/A/DataDetectorsCore
0x00007fff36a9c000 	/System/Library/Frameworks/Carbon.framework/Versions/A/Frameworks/HIToolbox.framework/Versions/A/HIToolbox
0x00007fff5e25c000 	/usr/lib/libicucore.A.dylib
0x00007fff42b88000 	/System/Library/Frameworks/QuartzCore.framework/Versions/A/QuartzCore
0x00007fff587b6000 	/System/Library/PrivateFrameworks/SignpostNotification.framework/Versions/A/SignpostNotification
0x00007fff36e82000 	/System/Library/Frameworks/Carbon.framework/Versions/A/Frameworks/SpeechRecognition.framework/Versions/A/SpeechRecognition
0x00007fff5d658000 	/usr/lib/libauto.dylib
0x00007fff5f4bb000 	/usr/lib/libxml2.2.dylib
0x00007fff4b775000 	/System/Library/PrivateFrameworks/CoreUI.framework/Versions/A/CoreUI
0x00007fff371fd000 	/System/Library/Frameworks/CoreAudio.framework/Versions/A/CoreAudio
0x00007fff39720000 	/System/Library/Frameworks/DiskArbitration.framework/Versions/A/DiskArbitration
0x00007fff5e4d0000 	/usr/lib/liblangid.dylib
0x00007fff53231000 	/System/Library/PrivateFrameworks/MultitouchSupport.framework/Versions/A/MultitouchSupport
0x00007fff39fc4000 	/System/Library/Frameworks/IOKit.framework/Versions/A/IOKit
0x00007fff5d104000 	/usr/lib/libDiagnosticMessagesClient.dylib
0x00007fff388fd000 	/System/Library/Frameworks/CoreServices.framework/Versions/A/CoreServices
0x00007fff54d69000 	/System/Library/PrivateFrameworks/PerformanceAnalysis.framework/Versions/A/PerformanceAnalysis
0x00007fff41d25000 	/System/Library/Frameworks/OpenGL.framework/Versions/A/OpenGL
0x00007fff5ebb5000 	/usr/lib/libobjc.A.dylib
0x00007fff36fb7000 	/System/Library/Frameworks/ColorSync.framework/Versions/A/ColorSync
0x00007fff3776a000 	/System/Library/Frameworks/CoreFoundation.framework/Versions/A/CoreFoundation
0x00007fff38239000 	/System/Library/Frameworks/CoreImage.framework/Versions/A/CoreImage
0x00007fff3928e000 	/System/Library/Frameworks/CoreText.framework/Versions/A/CoreText
0x00007fff3a0bf000 	/System/Library/Frameworks/ImageIO.framework/Versions/A/ImageIO
0x00007fff4841f000 	/System/Library/PrivateFrameworks/Backup.framework/Versions/A/Backup
0x00007fff5d526000 	/usr/lib/libarchive.2.dylib
0x00007fff366e5000 	/System/Library/Frameworks/CFNetwork.framework/Versions/A/CFNetwork
0x00007fff43d9f000 	/System/Library/Frameworks/SystemConfiguration.framework/Versions/A/SystemConfiguration
0x00007fff5d02d000 	/usr/lib/libCRFSuite.dylib
0x00007fff5d732000 	/usr/lib/libc++.1.dylib
0x00007fff5d789000 	/usr/lib/libc++abi.dylib
0x00007fff5f67a000 	/usr/lib/system/libcache.dylib
0x00007fff5f67f000 	/usr/lib/system/libcommonCrypto.dylib
0x00007fff5f68a000 	/usr/lib/system/libcompiler_rt.dylib
0x00007fff5f692000 	/usr/lib/system/libcopyfile.dylib
0x00007fff5f69c000 	/usr/lib/system/libcorecrypto.dylib
0x00007fff5f7a9000 	/usr/lib/system/libdispatch.dylib
0x00007fff5f7e3000 	/usr/lib/system/libdyld.dylib
0x00007fff5f801000 	/usr/lib/system/libkeymgr.dylib
0x00007fff5f80f000 	/usr/lib/system/liblaunch.dylib
0x00007fff5f810000 	/usr/lib/system/libmacho.dylib
0x00007fff5f815000 	/usr/lib/system/libquarantine.dylib
0x00007fff5f818000 	/usr/lib/system/libremovefile.dylib
0x00007fff5f81a000 	/usr/lib/system/libsystem_asl.dylib
0x00007fff5f832000 	/usr/lib/system/libsystem_blocks.dylib
0x00007fff5f833000 	/usr/lib/system/libsystem_c.dylib
0x00007fff5f8bd000 	/usr/lib/system/libsystem_configuration.dylib
0x00007fff5f8c1000 	/usr/lib/system/libsystem_coreservices.dylib
0x00007fff5f8c5000 	/usr/lib/system/libsystem_darwin.dylib
0x00007fff5f8c7000 	/usr/lib/system/libsystem_dnssd.dylib
0x00007fff5f8ce000 	/usr/lib/system/libsystem_info.dylib
0x00007fff5f93f000 	/usr/lib/system/libsystem_m.dylib
0x00007fff5f98b000 	/usr/lib/system/libsystem_malloc.dylib
0x00007fff5f9ab000 	/usr/lib/system/libsystem_network.dylib
0x00007fff5fadc000 	/usr/lib/system/libsystem_networkextension.dylib
0x00007fff5fae7000 	/usr/lib/system/libsystem_notify.dylib
0x00007fff5fb05000 	/usr/lib/system/libsystem_sandbox.dylib
0x00007fff5fb09000 	/usr/lib/system/libsystem_secinit.dylib
0x00007fff5f918000 	/usr/lib/system/libsystem_kernel.dylib
0x00007fff5faf1000 	/usr/lib/system/libsystem_platform.dylib
0x00007fff5faf9000 	/usr/lib/system/libsystem_pthread.dylib
0x00007fff5fb0b000 	/usr/lib/system/libsystem_symptoms.dylib
0x00007fff5fb13000 	/usr/lib/system/libsystem_trace.dylib
0x00007fff5fb29000 	/usr/lib/system/libunwind.dylib
0x00007fff5fb2f000 	/usr/lib/system/libxpc.dylib
0x00007fff5cf40000 	/usr/lib/closure/libclosured.dylib
0x00007fff5d713000 	/usr/lib/libbsm.0.dylib
0x00007fff5f802000 	/usr/lib/system/libkxld.dylib
0x00007fff5d33e000 	/usr/lib/libOpenScriptingUtil.dylib
0x00007fff5da82000 	/usr/lib/libcoretls.dylib
0x00007fff5da9b000 	/usr/lib/libcoretls_cfhelpers.dylib
0x00007fff5efb9000 	/usr/lib/libpam.2.dylib
0x00007fff5f0e4000 	/usr/lib/libsqlite3.dylib
0x00007fff5f4aa000 	/usr/lib/libxar.1.dylib
0x00007fff5d724000 	/usr/lib/libbz2.1.0.dylib
0x00007fff5e4d2000 	/usr/lib/liblzma.5.dylib
0x00007fff5e9b3000 	/usr/lib/libnetwork.dylib
0x00007fff5d50f000 	/usr/lib/libapple_nghttp2.dylib
0x00007fff5efc0000 	/usr/lib/libpcap.A.dylib
0x00007fff5d659000 	/usr/lib/libboringssl.dylib
0x00007fff5f445000 	/usr/lib/libusrtcp.dylib
0x00007fff5d50e000 	/usr/lib/libapple_crypto.dylib
0x00007fff38c80000 	/System/Library/Frameworks/CoreServices.framework/Versions/A/Frameworks/FSEvents.framework/Versions/A/FSEvents
0x00007fff38973000 	/System/Library/Frameworks/CoreServices.framework/Versions/A/Frameworks/CarbonCore.framework/Versions/A/CarbonCore
0x00007fff38e48000 	/System/Library/Frameworks/CoreServices.framework/Versions/A/Frameworks/Metadata.framework/Versions/A/Metadata
0x00007fff38ef9000 	/System/Library/Frameworks/CoreServices.framework/Versions/A/Frameworks/OSServices.framework/Versions/A/OSServices
0x00007fff38f5a000 	/System/Library/Frameworks/CoreServices.framework/Versions/A/Frameworks/SearchKit.framework/Versions/A/SearchKit
0x00007fff388fe000 	/System/Library/Frameworks/CoreServices.framework/Versions/A/Frameworks/AE.framework/Versions/A/AE
0x00007fff38c89000 	/System/Library/Frameworks/CoreServices.framework/Versions/A/Frameworks/LaunchServices.framework/Versions/A/LaunchServices
0x00007fff38c4b000 	/System/Library/Frameworks/CoreServices.framework/Versions/A/Frameworks/DictionaryServices.framework/Versions/A/DictionaryServices
0x00007fff38fc9000 	/System/Library/Frameworks/CoreServices.framework/Versions/A/Frameworks/SharedFileList.framework/Versions/A/SharedFileList
0x00007fff3d1a1000 	/System/Library/Frameworks/NetFS.framework/Versions/A/NetFS
0x00007fff534c2000 	/System/Library/PrivateFrameworks/NetAuth.framework/Versions/A/NetAuth
0x00007fff5cdd7000 	/System/Library/PrivateFrameworks/login.framework/Versions/A/Frameworks/loginsupport.framework/Versions/A/loginsupport
0x00007fff5b128000 	/System/Library/PrivateFrameworks/TCC.framework/Versions/A/TCC
0x00007fff5e5b3000 	/usr/lib/libmecabra.dylib
0x00007fff35be8000 	/System/Library/Frameworks/ApplicationServices.framework/Versions/A/Frameworks/ATS.framework/Versions/A/ATS
0x00007fff35f97000 	/System/Library/Frameworks/ApplicationServices.framework/Versions/A/Frameworks/ColorSyncLegacy.framework/Versions/A/ColorSyncLegacy
0x00007fff3603b000 	/System/Library/Frameworks/ApplicationServices.framework/Versions/A/Frameworks/HIServices.framework/Versions/A/HIServices
0x00007fff3608e000 	/System/Library/Frameworks/ApplicationServices.framework/Versions/A/Frameworks/LangAnalysis.framework/Versions/A/LangAnalysis
0x00007fff3609d000 	/System/Library/Frameworks/ApplicationServices.framework/Versions/A/Frameworks/PrintCore.framework/Versions/A/PrintCore
0x00007fff360ea000 	/System/Library/Frameworks/ApplicationServices.framework/Versions/A/Frameworks/QD.framework/Versions/A/QD
0x00007fff36125000 	/System/Library/Frameworks/ApplicationServices.framework/Versions/A/Frameworks/SpeechSynthesis.framework/Versions/A/SpeechSynthesis
0x00007fff37686000 	/System/Library/Frameworks/CoreDisplay.framework/Versions/A/CoreDisplay
0x00007fff33a62000 	/System/Library/Frameworks/Accelerate.framework/Versions/A/Frameworks/vImage.framework/Versions/A/vImage
0x00007fff34a43000 	/System/Library/Frameworks/Accelerate.framework/Versions/A/Frameworks/vecLib.framework/Versions/A/vecLib
0x00007fff34818000 	/System/Library/Frameworks/Accelerate.framework/Versions/A/Frameworks/vecLib.framework/Versions/A/libvDSP.dylib
0x00007fff34352000 	/System/Library/Frameworks/Accelerate.framework/Versions/A/Frameworks/vecLib.framework/Versions/A/libBNNS.dylib
0x00007fff3477e000 	/System/Library/Frameworks/Accelerate.framework/Versions/A/Frameworks/vecLib.framework/Versions/A/libQuadrature.dylib
0x00007fff3498c000 	/System/Library/Frameworks/Accelerate.framework/Versions/A/Frameworks/vecLib.framework/Versions/A/libvMisc.dylib
0x00007fff3438d000 	/System/Library/Frameworks/Accelerate.framework/Versions/A/Frameworks/vecLib.framework/Versions/A/libLAPACK.dylib
0x00007fff341b1000 	/System/Library/Frameworks/Accelerate.framework/Versions/A/Frameworks/vecLib.framework/Versions/A/libBLAS.dylib
0x00007fff34767000 	/System/Library/Frameworks/Accelerate.framework/Versions/A/Frameworks/vecLib.framework/Versions/A/libLinearAlgebra.dylib
0x00007fff34784000 	/System/Library/Frameworks/Accelerate.framework/Versions/A/Frameworks/vecLib.framework/Versions/A/libSparse.dylib
0x00007fff34805000 	/System/Library/Frameworks/Accelerate.framework/Versions/A/Frameworks/vecLib.framework/Versions/A/libSparseBLAS.dylib
0x00007fff502fc000 	/System/Library/PrivateFrameworks/GPUWrangler.framework/Versions/A/GPUWrangler
0x00007fff51a90000 	/System/Library/PrivateFrameworks/IOAccelerator.framework/Versions/A/IOAccelerator
0x00007fff51a9b000 	/System/Library/PrivateFrameworks/IOPresentment.framework/Versions/A/IOPresentment
0x00007fff4bb37000 	/System/Library/PrivateFrameworks/DSExternalDisplay.framework/Versions/A/DSExternalDisplay
0x00007fff411a4000 	/System/Library/Frameworks/OpenGL.framework/Versions/A/Libraries/libCoreFSCache.dylib
0x00007fff393df000 	/System/Library/Frameworks/CoreVideo.framework/Versions/A/CoreVideo
0x00007fff51077000 	/System/Library/PrivateFrameworks/GraphVisualizer.framework/Versions/A/GraphVisualizer
0x00007fff3c1a2000 	/System/Library/Frameworks/MetalPerformanceShaders.framework/Versions/A/MetalPerformanceShaders
0x00007fff5d13c000 	/usr/lib/libFosl_dynamic.dylib
0x00007fff4cc06000 	/System/Library/PrivateFrameworks/FaceCore.framework/Versions/A/FaceCore
0x00007fff3ff9f000 	/System/Library/Frameworks/OpenCL.framework/Versions/A/OpenCL
0x00007fff5d7c0000 	/usr/lib/libcompression.dylib
0x00007fff35ce7000 	/System/Library/Frameworks/ApplicationServices.framework/Versions/A/Frameworks/ATS.framework/Versions/A/Resources/libFontParser.dylib
0x00007fff35e0a000 	/System/Library/Frameworks/ApplicationServices.framework/Versions/A/Frameworks/ATS.framework/Versions/A/Resources/libFontRegistry.dylib
0x00007fff3a32b000 	/System/Library/Frameworks/ImageIO.framework/Versions/A/Resources/libJPEG.dylib
0x00007fff3a669000 	/System/Library/Frameworks/ImageIO.framework/Versions/A/Resources/libTIFF.dylib
0x00007fff3a63f000 	/System/Library/Frameworks/ImageIO.framework/Versions/A/Resources/libPng.dylib
0x00007fff3a23e000 	/System/Library/Frameworks/ImageIO.framework/Versions/A/Resources/libGIF.dylib
0x00007fff3a243000 	/System/Library/Frameworks/ImageIO.framework/Versions/A/Resources/libJP2.dylib
0x00007fff3a666000 	/System/Library/Frameworks/ImageIO.framework/Versions/A/Resources/libRadiance.dylib
0x00007fff47b49000 	/System/Library/PrivateFrameworks/AppleJPEG.framework/Versions/A/AppleJPEG
0x00007fff3c009000 	/System/Library/Frameworks/MetalPerformanceShaders.framework/Frameworks/MPSCore.framework/Versions/A/MPSCore
0x00007fff3c025000 	/System/Library/Frameworks/MetalPerformanceShaders.framework/Frameworks/MPSImage.framework/Versions/A/MPSImage
0x00007fff3c0ba000 	/System/Library/Frameworks/MetalPerformanceShaders.framework/Frameworks/MPSNeuralNetwork.framework/Versions/A/MPSNeuralNetwork
0x00007fff3c095000 	/System/Library/Frameworks/MetalPerformanceShaders.framework/Frameworks/MPSMatrix.framework/Versions/A/MPSMatrix
0x00007fff52f93000 	/System/Library/PrivateFrameworks/MetalTools.framework/Versions/A/MetalTools
0x00007fff4136f000 	/System/Library/Frameworks/OpenGL.framework/Versions/A/Libraries/libGLU.dylib
0x00007fff411af000 	/System/Library/Frameworks/OpenGL.framework/Versions/A/Libraries/libGFXShared.dylib
0x00007fff411b9000 	/System/Library/Frameworks/OpenGL.framework/Versions/A/Libraries/libGL.dylib
0x00007fff411c5000 	/System/Library/Frameworks/OpenGL.framework/Versions/A/Libraries/libGLImage.dylib
0x00007fff411a1000 	/System/Library/Frameworks/OpenGL.framework/Versions/A/Libraries/libCVMSPluginSupport.dylib
0x00007fff411aa000 	/System/Library/Frameworks/OpenGL.framework/Versions/A/Libraries/libCoreVMClient.dylib
0x00007fff5df6d000 	/usr/lib/libcups.2.dylib
0x00007fff3b570000 	/System/Library/Frameworks/Kerberos.framework/Versions/A/Kerberos
0x00007fff39d1e000 	/System/Library/Frameworks/GSS.framework/Versions/A/GSS
0x00007fff5f077000 	/usr/lib/libresolv.9.dylib
0x00007fff5e16a000 	/usr/lib/libiconv.2.dylib
0x00007fff51109000 	/System/Library/PrivateFrameworks/Heimdal.framework/Versions/A/Heimdal
0x00007fff5e139000 	/usr/lib/libheimdal-asn1.dylib
0x00007fff40017000 	/System/Library/Frameworks/OpenDirectory.framework/Versions/A/OpenDirectory
0x00007fff49e62000 	/System/Library/PrivateFrameworks/CommonAuth.framework/Versions/A/CommonAuth
0x00007fff3fffa000 	/System/Library/Frameworks/OpenDirectory.framework/Versions/A/Frameworks/CFOpenDirectory.framework/Versions/A/CFOpenDirectory
0x00007fff43938000 	/System/Library/Frameworks/SecurityFoundation.framework/Versions/A/SecurityFoundation
0x00007fff46d0c000 	/System/Library/PrivateFrameworks/APFS.framework/Versions/A/APFS
0x00007fff5f4a6000 	/usr/lib/libutil.dylib
0x00007fff47bcc000 	/System/Library/PrivateFrameworks/AppleSauce.framework/Versions/A/AppleSauce
0x00007fff52278000 	/System/Library/PrivateFrameworks/LinguisticData.framework/Versions/A/LinguisticData
0x00007fff5e4ec000 	/usr/lib/libmarisa.dylib
0x00007fff52232000 	/System/Library/PrivateFrameworks/Lexicon.framework/Versions/A/Lexicon
0x00007fff5d067000 	/usr/lib/libChineseTokenizer.dylib
0x00007fff5d7af000 	/usr/lib/libcmph.dylib
0x00007fff5213c000 	/System/Library/PrivateFrameworks/LanguageModeling.framework/Versions/A/LanguageModeling
0x00007fff4a97f000 	/System/Library/PrivateFrameworks/CoreEmoji.framework/Versions/A/CoreEmoji
0x00007fff439f6000 	/System/Library/Frameworks/ServiceManagement.framework/Versions/A/ServiceManagement
0x00007fff48417000 	/System/Library/PrivateFrameworks/BackgroundTaskManagement.framework/Versions/A/BackgroundTaskManagement
0x00007fff5f5a3000 	/usr/lib/libxslt.1.dylib
0x00007fff36dac000 	/System/Library/Frameworks/Carbon.framework/Versions/A/Frameworks/Ink.framework/Versions/A/Ink
0x00007fff5b33d000 	/System/Library/PrivateFrameworks/TextureIO.framework/Versions/A/TextureIO
0x00007fff5d551000 	/usr/lib/libate.dylib
0x00007fff4ba96000 	/System/Library/PrivateFrameworks/CrashReporterSupport.framework/Versions/A/CrashReporterSupport
0x00007fff58676000 	/System/Library/PrivateFrameworks/Sharing.framework/Versions/A/Sharing
0x00007fff51e7d000 	/System/Library/PrivateFrameworks/IconServices.framework/Versions/A/IconServices
0x00007fff48047000 	/System/Library/PrivateFrameworks/AuthKit.framework/Versions/A/AuthKit
0x00007fff479cc000 	/System/Library/PrivateFrameworks/Apple80211.framework/Versions/A/Apple80211
0x00007fff4b8ab000 	/System/Library/PrivateFrameworks/CoreUtils.framework/Versions/A/CoreUtils
0x00007fff3941a000 	/System/Library/Frameworks/CoreWLAN.framework/Versions/A/CoreWLAN
0x00007fff39e60000 	/System/Library/Frameworks/IOBluetooth.framework/Versions/A/IOBluetooth
0x00007fff56b38000 	/System/Library/PrivateFrameworks/ProtocolBuffer.framework/Versions/A/ProtocolBuffer
0x00007fff5318c000 	/System/Library/PrivateFrameworks/MobileKeyBag.framework/Versions/A/MobileKeyBag
0x00007fff4b123000 	/System/Library/PrivateFrameworks/CorePhoneNumbers.framework/Versions/A/CorePhoneNumbers
0x00007fff47b04000 	/System/Library/PrivateFrameworks/AppleIDAuthSupport.framework/Versions/A/AppleIDAuthSupport
0x00007fff52128000 	/System/Library/PrivateFrameworks/KeychainCircle.framework/Versions/A/KeychainCircle
0x00007fff4ba31000 	/System/Library/PrivateFrameworks/CoreWiFi.framework/Versions/A/CoreWiFi
0x00007fff372f7000 	/System/Library/Frameworks/CoreBluetooth.framework/Versions/A/CoreBluetooth
0x00007fff4bc81000 	/System/Library/PrivateFrameworks/DebugSymbols.framework/Versions/A/DebugSymbols
0x00007fff4b661000 	/System/Library/PrivateFrameworks/CoreSymbolication.framework/Versions/A/CoreSymbolication
0x00007fff5ab2e000 	/System/Library/PrivateFrameworks/Symbolication.framework/Versions/A/Symbolication
0x00007fff479f6000 	/System/Library/PrivateFrameworks/AppleFSCompression.framework/Versions/A/AppleFSCompression
0x00007fff59f7b000 	/System/Library/PrivateFrameworks/SpeechRecognitionCore.framework/Versions/A/SpeechRecognitionCore
0x0000000101a00000 	/Library/Java/JavaVirtualMachines/jdk-11.0.9.jdk/Contents/Home/lib/server/libjvm.dylib
0x0000000100b99000 	/Library/Java/JavaVirtualMachines/jdk-11.0.9.jdk/Contents/Home/lib/libverify.dylib
0x0000000100ba9000 	/Library/Java/JavaVirtualMachines/jdk-11.0.9.jdk/Contents/Home/lib/libjava.dylib
0x0000000100bd6000 	/Library/Java/JavaVirtualMachines/jdk-11.0.9.jdk/Contents/Home/lib/libjimage.dylib
0x0000000100be4000 	/Library/Java/JavaVirtualMachines/jdk-11.0.9.jdk/Contents/Home/lib/libinstrument.dylib
0x0000000100c6d000 	/Library/Java/JavaVirtualMachines/jdk-11.0.9.jdk/Contents/Home/lib/libzip.dylib
0x00000001216b2000 	/Library/Java/JavaVirtualMachines/jdk-11.0.9.jdk/Contents/Home/lib/libnio.dylib
0x00000001216c4000 	/Library/Java/JavaVirtualMachines/jdk-11.0.9.jdk/Contents/Home/lib/./libnet.dylib
0x0000000101082000 	/Library/Java/JavaVirtualMachines/jdk-11.0.9.jdk/Contents/Home/lib/libextnet.dylib
0x00000001011f4000 	/Library/Java/JavaVirtualMachines/jdk-11.0.9.jdk/Contents/Home/lib/libmanagement.dylib
0x0000000121766000 	/Library/Java/JavaVirtualMachines/jdk-11.0.9.jdk/Contents/Home/lib/libmanagement_ext.dylib


VM Arguments:
jvm_args: -XX:TieredStopAtLevel=1 -Xverify:none -Dspring.output.ansi.enabled=always -Dcom.sun.management.jmxremote -Dspring.jmx.enabled=true -Dspring.liveBeansView.mbeanDomain -Dspring.application.admin.enabled=true -javaagent:/Applications/IntelliJ IDEA.app/Contents/lib/idea_rt.jar=65502:/Applications/IntelliJ IDEA.app/Contents/bin -Dfile.encoding=UTF-8 
java_command: com.spring.boot.App2.springbootprojectwithdatarest.SpringBootProjectWithDataRestApplication
java_class_path (initial): /Users/nazel/Documents/dev/Genehelix/target/classes:/Users/nazel/.m2/repository/org/springframework/boot/spring-boot-starter-data-rest/2.3.4.RELEASE/spring-boot-starter-data-rest-2.3.4.RELEASE.jar:/Users/nazel/.m2/repository/org/springframework/data/spring-data-rest-webmvc/3.3.4.RELEASE/spring-data-rest-webmvc-3.3.4.RELEASE.jar:/Users/nazel/.m2/repository/org/springframework/data/spring-data-rest-core/3.3.4.RELEASE/spring-data-rest-core-3.3.4.RELEASE.jar:/Users/nazel/.m2/repository/org/springframework/hateoas/spring-hateoas/1.1.2.RELEASE/spring-hateoas-1.1.2.RELEASE.jar:/Users/nazel/.m2/repository/org/springframework/plugin/spring-plugin-core/2.0.0.RELEASE/spring-plugin-core-2.0.0.RELEASE.jar:/Users/nazel/.m2/repository/org/atteo/evo-inflector/1.2.2/evo-inflector-1.2.2.jar:/Users/nazel/.m2/repository/com/fasterxml/jackson/core/jackson-databind/2.11.2/jackson-databind-2.11.2.jar:/Users/nazel/.m2/repository/com/fasterxml/jackson/core/jackson-core/2.11.2/jackson-core-2.11.2.jar:/Users/nazel/.m2/repository/com/fasterxml/jackson/core/jackson-annotations/2.11.2/jackson-annotations-2.11.2.jar:/Users/nazel/.m2/repository/org/springframework/boot/spring-boot-starter-validation/2.3.4.RELEASE/spring-boot-starter-validation-2.3.4.RELEASE.jar:/Users/nazel/.m2/repository/org/springframework/boot/spring-boot-starter/2.3.4.RELEASE/spring-boot-starter-2.3.4.RELEASE.jar:/Users/nazel/.m2/repository/org/springframework/boot/spring-boot-starter-logging/2.3.4.RELEASE/spring-boot-starter-logging-2.3.4.RELEASE.jar:/Users/nazel/.m2/repository/ch/qos/logback/logback-classic/1.2.3/logback-classic-1.2.3.jar:/Users/nazel/.m2/repository/ch/qos/logback/logback-core/1.2.3/logback-core-1.2.3.jar:/Users/nazel/.m2/repository/org/apache/logging/log4j/log4j-to-slf4j/2.13.3/log4j-to-slf4j-2.13.3.jar:/Users/nazel/.m2/repository/org/apache/logging/log4j/log4j-api/2.13.3/log4j-api-2.13.3.jar:/Users/nazel/.m2/repository/org/slf4j/jul-to-slf4j/1.7.30/jul-to-slf4j-1.7.30.jar:/User
Launcher Type: SUN_STANDARD

[Global flags]
     bool BytecodeVerificationLocal                = false                                     {product} {command line}
     bool BytecodeVerificationRemote               = false                                     {product} {command line}
     intx CICompilerCount                          = 3                                         {product} {ergonomic}
     uint ConcGCThreads                            = 1                                         {product} {ergonomic}
     uint G1ConcRefinementThreads                  = 4                                         {product} {ergonomic}
   size_t G1HeapRegionSize                         = 1048576                                   {product} {ergonomic}
    uintx GCDrainStackTargetSize                   = 64                                        {product} {ergonomic}
   size_t InitialHeapSize                          = 134217728                                 {product} {ergonomic}
     bool ManagementServer                         = true                                      {product} {command line}
   size_t MarkStackSize                            = 4194304                                   {product} {ergonomic}
   size_t MaxHeapSize                              = 2147483648                                {product} {ergonomic}
   size_t MaxNewSize                               = 1287651328                                {product} {ergonomic}
   size_t MinHeapDeltaBytes                        = 1048576                                   {product} {ergonomic}
    uintx NonNMethodCodeHeapSize                   = 6973028                                {pd product} {ergonomic}
    uintx NonProfiledCodeHeapSize                  = 244685212                              {pd product} {ergonomic}
    uintx ProfiledCodeHeapSize                     = 0                                      {pd product} {ergonomic}
    uintx ReservedCodeCacheSize                    = 251658240                              {pd product} {ergonomic}
     bool SegmentedCodeCache                       = true                                      {product} {ergonomic}
     intx TieredStopAtLevel                        = 1                                         {product} {command line}
     bool UseCompressedClassPointers               = true                                 {lp64_product} {ergonomic}
     bool UseCompressedOops                        = true                                 {lp64_product} {ergonomic}
     bool UseG1GC                                  = true                                      {product} {ergonomic}

Logging:
Log output configuration:
 #0: stdout all=warning uptime,level,tags
 #1: stderr all=off uptime,level,tags

Environment Variables:
PATH=/usr/local/bin:/usr/bin:/bin:/usr/sbin:/sbin
SHELL=/bin/bash

Signal Handlers:
SIGSEGV: [libjvm.dylib+0x794d6c], sa_mask[0]=11111111011111110111111111111111, sa_flags=SA_ONSTACK|SA_RESTART|SA_SIGINFO
SIGBUS: [libjvm.dylib+0x794d6c], sa_mask[0]=11111111011111110111111111111111, sa_flags=SA_RESTART|SA_SIGINFO
SIGFPE: [libjvm.dylib+0x794d6c], sa_mask[0]=11111111011111110111111111111111, sa_flags=SA_RESTART|SA_SIGINFO
SIGPIPE: [libjvm.dylib+0x6457fb], sa_mask[0]=11111111011111110111111111111111, sa_flags=SA_RESTART|SA_SIGINFO
SIGXFSZ: [libjvm.dylib+0x6457fb], sa_mask[0]=11111111011111110111111111111111, sa_flags=SA_RESTART|SA_SIGINFO
SIGILL: [libjvm.dylib+0x794d6c], sa_mask[0]=11111111011111110111111111111111, sa_flags=SA_RESTART|SA_SIGINFO
SIGUSR2: [libjvm.dylib+0x645de5], sa_mask[0]=00100000000000000000000000000000, sa_flags=SA_RESTART|SA_SIGINFO
SIGHUP: [libjvm.dylib+0x644843], sa_mask[0]=11111111011111110111111111111111, sa_flags=SA_RESTART|SA_SIGINFO
SIGINT: [libjvm.dylib+0x644843], sa_mask[0]=11111111011111110111111111111111, sa_flags=SA_RESTART|SA_SIGINFO
SIGTERM: [libjvm.dylib+0x644843], sa_mask[0]=11111111011111110111111111111111, sa_flags=SA_RESTART|SA_SIGINFO
SIGQUIT: [libjvm.dylib+0x644843], sa_mask[0]=11111111011111110111111111111111, sa_flags=SA_RESTART|SA_SIGINFO


---------------  S Y S T E M  ---------------

OS:uname:Darwin 17.7.0 Darwin Kernel Version 17.7.0: Fri Oct 30 13:34:27 PDT 2020; root:xnu-4570.71.82.8~1/RELEASE_X86_64 x86_64
rlimit: STACK 8192k, CORE 0k, NPROC 709, NOFILE 10240, AS infinity, DATA infinity, FSIZE infinity
load average:4.55 3.32 2.96

CPU:total 4 (initial active 4) (2 cores per cpu, 2 threads per core) family 6 model 42 stepping 7, cmov, cx8, fxsr, mmx, sse, sse2, sse3, ssse3, sse4.1, sse4.2, popcnt, avx, aes, clmul, ht, tsc, tscinvbit

Memory: 4k page, physical 8388608k(161988k free)

vm_info: Java HotSpot(TM) 64-Bit Server VM (11.0.9+7-LTS) for bsd-amd64 JRE (11.0.9+7-LTS), built on Sep 15 2020 15:57:40 by "mach5one" with gcc 4.2.1 Compatible Apple LLVM 10.0.0 (clang-1000.11.45.5)

END.
